<?xml version="1.0" encoding="UTF-8"?>
<!-- Generated by org.testng.reporters.JUnitXMLReporter -->
<testsuite hostname="Sanket-PC" ignored="0" tests="5" failures="0" timestamp="05 Oct 2020 20:16:26 GMT" time="108.636" errors="0">
  <testcase name="checkBrowserInit" time="26.552" classname="ArticleNumberTest"/>
  <testcase name="verifySnowGlobeRedirection" time="7.289" classname="ArticleNumberTest"/>
  <testcase name="checkReleasePage" time="61.567" classname="ArticleNumberTest"/>
  <testcase name="checkArticleNumber" time="5.973" classname="ArticleNumberTest"/>
  <testcase name="checkBrowserClose" time="7.203" classname="ArticleNumberTest"/>
</testsuite>
