<?xml version="1.0" encoding="UTF-8" ?>
<testsuite tests="5" failures="0" name="ArticleNumberTest" time="108.582" errors="0" skipped="0">
  <properties>
[...]
</properties>
  <testcase classname="ArticleNumberTest" name="checkBrowserInit" time="26.578"/>
  <testcase classname="ArticleNumberTest" name="verifySnowGlobeRedirection" time="7.265"/>
  <testcase classname="ArticleNumberTest" name="checkReleasePage" time="61.567"/>
  <testcase classname="ArticleNumberTest" name="checkArticleNumber" time="5.97"/>
  <testcase classname="ArticleNumberTest" name="checkBrowserClose" time="7.202"/>
</testsuite>