<?xml version="1.0" encoding="UTF-8"?>
<testng-results skipped="0" failed="0" ignored="0" total="5" passed="5">
  <reporter-output>
  </reporter-output>
  <suite name="ArticleNumberTest" duration-ms="108636" started-at="2020-10-05T20:14:36Z" finished-at="2020-10-05T20:16:24Z">
    <groups>
    </groups>
    <test name="Command line test" duration-ms="108636" started-at="2020-10-05T20:14:36Z" finished-at="2020-10-05T20:16:24Z">
      <class name="ArticleNumberTest">
        <test-method status="PASS" signature="setProperty()[pri:0, instance:ArticleNumberTest@8bc3d5]" name="setProperty" is-config="true" duration-ms="16" started-at="2020-10-05T20:14:36Z" finished-at="2020-10-05T20:14:36Z">
          <reporter-output>
          </reporter-output>
        </test-method> <!-- setProperty -->
        <test-method status="PASS" signature="checkBrowserInit()[pri:0, instance:ArticleNumberTest@8bc3d5]" name="checkBrowserInit" duration-ms="26552" started-at="2020-10-05T20:14:36Z" finished-at="2020-10-05T20:15:02Z">
          <reporter-output>
          </reporter-output>
        </test-method> <!-- checkBrowserInit -->
        <test-method status="PASS" signature="setProperty()[pri:0, instance:ArticleNumberTest@8bc3d5]" name="setProperty" is-config="true" duration-ms="1" started-at="2020-10-05T20:15:02Z" finished-at="2020-10-05T20:15:02Z">
          <reporter-output>
          </reporter-output>
        </test-method> <!-- setProperty -->
        <test-method status="PASS" signature="verifySnowGlobeRedirection()[pri:1, instance:ArticleNumberTest@8bc3d5]" name="verifySnowGlobeRedirection" duration-ms="7289" started-at="2020-10-05T20:15:02Z" finished-at="2020-10-05T20:15:10Z">
          <reporter-output>
          </reporter-output>
        </test-method> <!-- verifySnowGlobeRedirection -->
        <test-method status="PASS" signature="checkReleasePage()[pri:2, instance:ArticleNumberTest@8bc3d5]" name="checkReleasePage" duration-ms="61567" started-at="2020-10-05T20:15:10Z" finished-at="2020-10-05T20:16:11Z">
          <reporter-output>
          </reporter-output>
        </test-method> <!-- checkReleasePage -->
        <test-method status="PASS" signature="setProperty()[pri:0, instance:ArticleNumberTest@8bc3d5]" name="setProperty" is-config="true" duration-ms="0" started-at="2020-10-05T20:15:10Z" finished-at="2020-10-05T20:15:10Z">
          <reporter-output>
          </reporter-output>
        </test-method> <!-- setProperty -->
        <test-method status="PASS" signature="checkArticleNumber()[pri:3, instance:ArticleNumberTest@8bc3d5]" name="checkArticleNumber" duration-ms="5973" started-at="2020-10-05T20:16:11Z" finished-at="2020-10-05T20:16:17Z">
          <reporter-output>
          </reporter-output>
        </test-method> <!-- checkArticleNumber -->
        <test-method status="PASS" signature="setProperty()[pri:0, instance:ArticleNumberTest@8bc3d5]" name="setProperty" is-config="true" duration-ms="0" started-at="2020-10-05T20:16:11Z" finished-at="2020-10-05T20:16:11Z">
          <reporter-output>
          </reporter-output>
        </test-method> <!-- setProperty -->
        <test-method status="PASS" signature="setProperty()[pri:0, instance:ArticleNumberTest@8bc3d5]" name="setProperty" is-config="true" duration-ms="1" started-at="2020-10-05T20:16:17Z" finished-at="2020-10-05T20:16:17Z">
          <reporter-output>
          </reporter-output>
        </test-method> <!-- setProperty -->
        <test-method status="PASS" signature="checkBrowserClose()[pri:4, instance:ArticleNumberTest@8bc3d5]" name="checkBrowserClose" duration-ms="7203" started-at="2020-10-05T20:16:17Z" finished-at="2020-10-05T20:16:24Z">
          <reporter-output>
          </reporter-output>
        </test-method> <!-- checkBrowserClose -->
      </class> <!-- ArticleNumberTest -->
    </test> <!-- Command line test -->
  </suite> <!-- ArticleNumberTest -->
</testng-results>
